INFO: (function: applyOptionsBase) FitterAlgoBase.cc: 113 -- Setting robust fit options to Tolerance=0.001 / Strategy=2 / Type,Algo=Minuit2 (note that defaults of CascadeMinimizer were taken where option not specified)
INFO: (function: run) Combine.cc: 679 -- Freezing the following parameters: 
INFO: (function: run) Combine.cc: 682  r 
INFO: (function: generateAsimov) ToyMCSamplerOpt.cc: 139 -- Using internal logic for binned/unbinned Asimov dataset generation
INFO: (function: generateWithHisto) ToyMCSamplerOpt.cc: 214 -- Generating asimov with histogram for pdf pdf_binDM0_obsOnly: in 8 x-bins
INFO: (function: generateAsimov) ToyMCSamplerOpt.cc: 139 -- Using internal logic for binned/unbinned Asimov dataset generation
INFO: (function: generateWithHisto) ToyMCSamplerOpt.cc: 214 -- Generating asimov with histogram for pdf pdf_binDM1_obsOnly: in 8 x-bins
INFO: (function: generateAsimov) ToyMCSamplerOpt.cc: 139 -- Using internal logic for binned/unbinned Asimov dataset generation
INFO: (function: generateWithHisto) ToyMCSamplerOpt.cc: 214 -- Generating asimov with histogram for pdf pdf_binDM10_obsOnly: in 8 x-bins
INFO: (function: generateAsimov) ToyMCSamplerOpt.cc: 139 -- Using internal logic for binned/unbinned Asimov dataset generation
INFO: (function: generateWithHisto) ToyMCSamplerOpt.cc: 214 -- Generating asimov with histogram for pdf pdf_binDM11_obsOnly: in 8 x-bins
INFO: (function: improveOnce) CascadeMinimizer.cc: 184 -- Minimisation configured with Type=Minuit2, Algo=Migrad, strategy=1, tolerance=0.1
INFO: (function: improveOnce) CascadeMinimizer.cc: 207 -- Minimisation finished with status=0
INFO: (function: improveOnce) CascadeMinimizer.cc: 212 -- Minimization success! status=0
INFO: (function: improveOnce) CascadeMinimizer.cc: 184 -- Minimisation configured with Type=Minuit2, Algo=Migrad, strategy=1, tolerance=0.1
INFO: (function: improveOnce) CascadeMinimizer.cc: 207 -- Minimisation finished with status=0
INFO: (function: improveOnce) CascadeMinimizer.cc: 212 -- Minimization success! status=0
INFO: (function: improveOnce) CascadeMinimizer.cc: 184 -- Minimisation configured with Type=Minuit2, Algo=Migrad, strategy=1, tolerance=0.1
INFO: (function: improveOnce) CascadeMinimizer.cc: 207 -- Minimisation finished with status=0
INFO: (function: improveOnce) CascadeMinimizer.cc: 212 -- Minimization success! status=0
INFO: (function: improveOnce) CascadeMinimizer.cc: 184 -- Minimisation configured with Type=Minuit2, Algo=Migrad, strategy=1, tolerance=0.1
INFO: (function: improveOnce) CascadeMinimizer.cc: 207 -- Minimisation finished with status=0
INFO: (function: improveOnce) CascadeMinimizer.cc: 212 -- Minimization success! status=0
INFO: (function: improveOnce) CascadeMinimizer.cc: 184 -- Minimisation configured with Type=Minuit2, Algo=Migrad, strategy=1, tolerance=0.1
INFO: (function: improveOnce) CascadeMinimizer.cc: 207 -- Minimisation finished with status=0
INFO: (function: improveOnce) CascadeMinimizer.cc: 212 -- Minimization success! status=0
INFO: (function: improveOnce) CascadeMinimizer.cc: 184 -- Minimisation configured with Type=Minuit2, Algo=Migrad, strategy=1, tolerance=0.1
INFO: (function: improveOnce) CascadeMinimizer.cc: 207 -- Minimisation finished with status=0
INFO: (function: improveOnce) CascadeMinimizer.cc: 212 -- Minimization success! status=0
INFO: (function: improveOnce) CascadeMinimizer.cc: 184 -- Minimisation configured with Type=Minuit2, Algo=Migrad, strategy=1, tolerance=0.1
